Terminals unused in grammar

   MIN
   MUL
   DIV
   EQUAL
   NOT_EQUAL
   GREATER
   SMALLER
   GREATER_OR_EQUAL
   SMALLER_OR_EQUAL
   LEFT_P
   RIGHT_P
   IF
   THEN
   ELSE
   ENDIF
   PRINT
   STRING


문법

    0 $accept: ASS $end

    1 ASS: ID ASSIGN NUM ADD NUM END


Terminals, with rules where they appear

$end (0) 0
error (256)
ADD (258) 1
MIN (259)
MUL (260)
DIV (261)
ASSIGN (262) 1
EQUAL (263)
NOT_EQUAL (264)
GREATER (265)
SMALLER (266)
GREATER_OR_EQUAL (267)
SMALLER_OR_EQUAL (268)
END (269) 1
LEFT_P (270)
RIGHT_P (271)
IF (272)
THEN (273)
ELSE (274)
ENDIF (275)
PRINT (276)
STRING (277)
ID (278) 1
NUM (279) 1


Nonterminals, with rules where they appear

$accept (25)
    on left: 0
ASS (26)
    on left: 1, on right: 0


State 0

    0 $accept: . ASS $end

    ID  shift, and go to state 1

    ASS  go to state 2


State 1

    1 ASS: ID . ASSIGN NUM ADD NUM END

    ASSIGN  shift, and go to state 3


State 2

    0 $accept: ASS . $end

    $end  shift, and go to state 4


State 3

    1 ASS: ID ASSIGN . NUM ADD NUM END

    NUM  shift, and go to state 5


State 4

    0 $accept: ASS $end .

    $default  accept


State 5

    1 ASS: ID ASSIGN NUM . ADD NUM END

    ADD  shift, and go to state 6


State 6

    1 ASS: ID ASSIGN NUM ADD . NUM END

    NUM  shift, and go to state 7


State 7

    1 ASS: ID ASSIGN NUM ADD NUM . END

    END  shift, and go to state 8


State 8

    1 ASS: ID ASSIGN NUM ADD NUM END .

    $default  reduce using rule 1 (ASS)
